PRT1
58
127
4 0 5 (0 64 192 ) (0 120 192 ) (0 120 -48 ) (0 64 -48 ) 
4 0 4 (0 64 -48 ) (256 64 -48 ) (256 64 0 ) (0 64 0 ) 
4 0 2 (256 64 128 ) (256 64 192 ) (0 64 192 ) (0 64 128 ) 
4 0 1 (256 64 -48 ) (304 64 -48 ) (304 64 192 ) (256 64 192 ) 
4 1 32 (256 0 8 ) (256 0 -48 ) (304 0 -48 ) (304 0 8 ) 
4 1 17 (256 0 120 ) (256 0 8 ) (304 0 8 ) (304 0 120 ) 
4 1 10 (304 0 192 ) (256 0 192 ) (256 0 120 ) (304 0 120 ) 
4 1 4 (256 64 0 ) (256 64 -48 ) (256 0 -48 ) (256 0 0 ) 
4 1 2 (256 64 192 ) (256 64 128 ) (256 0 128 ) (256 0 192 ) 
4 2 11 (256 0 192 ) (0 0 192 ) (0 0 128 ) (256 0 128 ) 
4 2 6 (0 0 128 ) (0 0 192 ) (0 64 192 ) (0 64 128 ) 
4 3 22 (208 0 8 ) (216 0 8 ) (216 0 120 ) (208 0 120 ) 
4 3 21 (216 0 8 ) (248 0 8 ) (248 0 120 ) (216 0 120 ) 
4 3 25 (0 0 120 ) (0 0 8 ) (208 0 8 ) (208 0 120 ) 
4 3 7 (0 0 8 ) (0 0 120 ) (0 56 120 ) (0 56 8 ) 
4 4 33 (0 0 0 ) (0 0 -48 ) (256 0 -48 ) (256 0 0 ) 
4 4 8 (0 0 -48 ) (0 0 0 ) (0 64 0 ) (0 64 -48 ) 
4 5 9 (-240 64 -48 ) (-192 64 -48 ) (-192 64 192 ) (-240 64 192 ) 
4 5 8 (-192 64 -48 ) (0 64 -48 ) (0 64 0 ) (-192 64 0 ) 
4 5 6 (0 64 128 ) (0 64 192 ) (-192 64 192 ) (-192 64 128 ) 
4 6 39 (0 0 128 ) (0 0 192 ) (-192 0 192 ) (-192 0 128 ) 
4 6 9 (-192 64 192 ) (-192 64 128 ) (-192 0 128 ) (-192 0 192 ) 
4 7 43 (0 0 8 ) (0 0 120 ) (-184 0 120 ) (-184 0 8 ) 
4 8 56 (0 0 -48 ) (0 0 0 ) (-192 0 0 ) (-192 0 -48 ) 
4 8 9 (-192 64 0 ) (-192 64 -48 ) (-192 0 -48 ) (-192 0 0 ) 
4 9 57 (-240 0 8 ) (-240 0 -48 ) (-192 0 -48 ) (-192 0 8 ) 
4 9 52 (-240 0 120 ) (-240 0 8 ) (-192 0 8 ) (-192 0 120 ) 
4 9 41 (-192 0 192 ) (-240 0 192 ) (-240 0 120 ) (-192 0 120 ) 
4 10 17 (256 0 120 ) (304 0 120 ) (304 -64 120 ) (256 -64 120 ) 
4 10 12 (256 -64 120 ) (304 -64 120 ) (304 -64 192 ) (256 -64 192 ) 
4 10 11 (256 -64 128 ) (256 -64 192 ) (256 0 192 ) (256 0 128 ) 
4 11 39 (0 0 192 ) (0 0 128 ) (0 -64 128 ) (0 -64 192 ) 
4 11 13 (64 -64 192 ) (0 -64 192 ) (0 -64 128 ) (64 -64 128 ) 
4 11 12 (256 -64 128 ) (256 -64 192 ) (64 -64 192 ) (64 -64 128 ) 
4 12 27 (72 -64 120 ) (248 -64 120 ) (248 -104 120 ) (72 -104 120 ) 
4 12 19 (248 -64 120 ) (256 -64 120 ) (256 -104 120 ) (248 -104 120 ) 
4 12 18 (256 -64 120 ) (304 -64 120 ) (304 -104 120 ) (256 -104 120 ) 
4 12 15 (256 -104 128 ) (256 -104 192 ) (64 -104 192 ) (64 -104 128 ) 
4 12 14 (256 -104 120 ) (304 -104 120 ) (304 -104 192 ) (256 -104 192 ) 
4 12 13 (64 -64 192 ) (64 -64 128 ) (64 -104 128 ) (64 -104 192 ) 
4 13 39 (0 -104 128 ) (0 -104 192 ) (0 -64 192 ) (0 -64 128 ) 
4 13 15 (64 -104 128 ) (64 -104 192 ) (0 -104 192 ) (0 -104 128 ) 
4 14 18 (256 -104 120 ) (304 -104 120 ) (304 -232 120 ) (256 -232 120 ) 
4 14 16 (256 -232 120 ) (304 -232 120 ) (304 -232 192 ) (256 -232 192 ) 
4 14 15 (256 -104 192 ) (256 -104 128 ) (256 -232 128 ) (256 -232 192 ) 
4 15 39 (0 -232 128 ) (0 -232 192 ) (0 -104 192 ) (0 -104 128 ) 
4 15 16 (256 -232 128 ) (256 -232 192 ) (0 -232 192 ) (0 -232 128 ) 
4 16 42 (0 -232 120 ) (0 -296 120 ) (0 -296 192 ) (0 -232 192 ) 
4 16 31 (0 -296 120 ) (0 -232 120 ) (248 -232 120 ) (248 -296 120 ) 
4 16 20 (248 -232 120 ) (256 -232 120 ) (256 -296 120 ) (248 -296 120 ) 
4 16 18 (256 -232 120 ) (304 -232 120 ) (304 -296 120 ) (256 -296 120 ) 
4 17 32 (256 0 8 ) (304 0 8 ) (304 -64 8 ) (256 -64 8 ) 
4 17 18 (256 -64 8 ) (304 -64 8 ) (304 -64 120 ) (256 -64 120 ) 
4 18 36 (304 -104 8 ) (304 -296 8 ) (256 -296 8 ) (256 -104 8 ) 
4 18 34 (304 -64 8 ) (304 -104 8 ) (256 -104 8 ) (256 -64 8 ) 
4 18 19 (256 -64 120 ) (256 -64 8 ) (256 -104 8 ) (256 -104 120 ) 
4 18 20 (256 -232 8 ) (256 -296 8 ) (256 -296 120 ) (256 -232 120 ) 
4 19 34 (248 -104 8 ) (248 -64 8 ) (256 -64 8 ) (256 -104 8 ) 
4 19 27 (248 -64 8 ) (248 -104 8 ) (248 -104 120 ) (248 -64 120 ) 
4 20 38 (256 -296 8 ) (248 -296 8 ) (248 -232 8 ) (256 -232 8 ) 
4 20 31 (248 -232 8 ) (248 -296 8 ) (248 -296 120 ) (248 -232 120 ) 
4 21 23 (216 -56 112 ) (216 -56 120 ) (216 -52 120 ) (216 -52 112 ) 
4 21 24 (216 -52 8 ) (216 -56 8 ) (216 -56 16 ) (216 -52 16 ) 
4 21 22 (216 0 8 ) (216 -52 8 ) (216 -52 120 ) (216 0 120 ) 
4 22 23 (208 -52 120 ) (208 -52 112 ) (216 -52 112 ) (216 -52 120 ) 
4 22 24 (208 -52 16 ) (208 -52 8 ) (216 -52 8 ) (216 -52 16 ) 
4 22 25 (208 0 8 ) (208 -52 8 ) (208 -52 120 ) (208 0 120 ) 
4 23 25 (208 -56 112 ) (208 -56 120 ) (208 -52 120 ) (208 -52 112 ) 
4 24 25 (208 -52 8 ) (208 -56 8 ) (208 -56 16 ) (208 -52 16 ) 
4 25 43 (0 0 120 ) (0 0 8 ) (0 -56 8 ) (0 -56 120 ) 
4 25 26 (0 -56 8 ) (64 -56 8 ) (64 -56 120 ) (0 -56 120 ) 
4 26 28 (0 -64 8 ) (64 -64 8 ) (64 -64 120 ) (0 -64 120 ) 
4 27 34 (72 -64 8 ) (248 -64 8 ) (248 -104 8 ) (72 -104 8 ) 
4 28 29 (0 -104 8 ) (64 -104 8 ) (64 -104 120 ) (0 -104 120 ) 
4 29 30 (0 -112 8 ) (64 -112 8 ) (64 -112 120 ) (0 -112 120 ) 
4 30 45 (0 -112 8 ) (0 -224 8 ) (0 -224 120 ) (0 -112 120 ) 
4 31 50 (0 -232 8 ) (0 -296 8 ) (0 -296 120 ) (0 -232 120 ) 
4 31 38 (0 -296 8 ) (0 -232 8 ) (248 -232 8 ) (248 -296 8 ) 
4 32 34 (256 -64 -48 ) (304 -64 -48 ) (304 -64 8 ) (256 -64 8 ) 
4 32 33 (256 0 -48 ) (256 -64 -48 ) (256 -64 0 ) (256 0 0 ) 
4 33 56 (0 0 0 ) (0 0 -48 ) (0 -64 -48 ) (0 -64 0 ) 
4 33 35 (0 -64 -48 ) (64 -64 -48 ) (64 -64 0 ) (0 -64 0 ) 
4 33 34 (64 -64 -48 ) (256 -64 -48 ) (256 -64 0 ) (64 -64 0 ) 
4 34 37 (64 -104 -48 ) (256 -104 -48 ) (256 -104 0 ) (64 -104 0 ) 
4 34 36 (256 -104 -48 ) (304 -104 -48 ) (304 -104 8 ) (256 -104 8 ) 
4 34 35 (64 -64 0 ) (64 -64 -48 ) (64 -104 -48 ) (64 -104 0 ) 
4 35 56 (0 -64 -48 ) (0 -104 -48 ) (0 -104 0 ) (0 -64 0 ) 
4 35 37 (0 -104 -48 ) (64 -104 -48 ) (64 -104 0 ) (0 -104 0 ) 
4 36 37 (256 -104 0 ) (256 -104 -48 ) (256 -232 -48 ) (256 -232 0 ) 
4 36 38 (256 -232 -48 ) (256 -296 -48 ) (256 -296 8 ) (256 -232 8 ) 
4 37 56 (0 -104 -48 ) (0 -232 -48 ) (0 -232 0 ) (0 -104 0 ) 
4 37 38 (0 -232 -48 ) (256 -232 -48 ) (256 -232 0 ) (0 -232 0 ) 
4 38 55 (0 -296 0 ) (0 -296 8 ) (0 -232 8 ) (0 -232 0 ) 
4 38 56 (0 -232 -48 ) (0 -296 -48 ) (0 -296 0 ) (0 -232 0 ) 
4 39 42 (0 -232 128 ) (0 -232 192 ) (-192 -232 192 ) (-192 -232 128 ) 
4 39 40 (-192 -104 128 ) (-192 -64 128 ) (0 -64 128 ) (0 -104 128 ) 
4 39 41 (-192 -232 128 ) (-192 -232 192 ) (-192 0 192 ) (-192 0 128 ) 
4 40 51 (-184 -104 120 ) (-192 -104 120 ) (-192 -64 120 ) (-184 -64 120 ) 
4 40 44 (-8 -104 120 ) (-184 -104 120 ) (-184 -64 120 ) (-8 -64 120 ) 
4 40 41 (-192 -64 120 ) (-192 -104 120 ) (-192 -104 128 ) (-192 -64 128 ) 
4 41 52 (-240 0 120 ) (-192 0 120 ) (-192 -232 120 ) (-240 -232 120 ) 
4 41 42 (-240 -232 192 ) (-240 -232 120 ) (-192 -232 120 ) (-192 -232 192 ) 
4 42 53 (-184 -296 120 ) (-240 -296 120 ) (-240 -232 120 ) (-184 -232 120 ) 
4 42 50 (0 -232 120 ) (0 -296 120 ) (-184 -296 120 ) (-184 -232 120 ) 
4 44 54 (-184 -104 8 ) (-184 -64 8 ) (-8 -64 8 ) (-8 -104 8 ) 
4 44 51 (-184 -64 8 ) (-184 -104 8 ) (-184 -104 120 ) (-184 -64 120 ) 
4 45 47 (-68 -200 12 ) (-68 -200 120 ) (-68 -140 120 ) (-68 -140 12 ) 
4 45 46 (-68 -112 120 ) (-68 -112 8 ) (-68 -140 8 ) (-68 -140 120 ) 
4 45 48 (-68 -200 8 ) (-68 -224 8 ) (-68 -224 120 ) (-68 -200 120 ) 
4 46 47 (-160 -140 120 ) (-160 -140 12 ) (-68 -140 12 ) (-68 -140 120 ) 
4 46 49 (-160 -112 120 ) (-160 -112 8 ) (-160 -140 8 ) (-160 -140 120 ) 
4 47 49 (-160 -200 12 ) (-160 -200 120 ) (-160 -140 120 ) (-160 -140 12 ) 
4 47 48 (-160 -200 120 ) (-160 -200 12 ) (-68 -200 12 ) (-68 -200 120 ) 
4 48 49 (-160 -200 8 ) (-160 -224 8 ) (-160 -224 120 ) (-160 -200 120 ) 
4 50 55 (-184 -296 8 ) (-184 -232 8 ) (0 -232 8 ) (0 -296 8 ) 
4 50 53 (-184 -232 8 ) (-184 -296 8 ) (-184 -296 120 ) (-184 -232 120 ) 
4 51 54 (-184 -64 8 ) (-184 -104 8 ) (-192 -104 8 ) (-192 -64 8 ) 
4 51 52 (-192 -64 8 ) (-192 -104 8 ) (-192 -104 120 ) (-192 -64 120 ) 
4 52 57 (-240 -232 8 ) (-240 0 8 ) (-192 0 8 ) (-192 -232 8 ) 
4 52 53 (-240 -232 120 ) (-240 -232 8 ) (-192 -232 8 ) (-192 -232 120 ) 
4 53 55 (-192 -232 8 ) (-184 -232 8 ) (-184 -296 8 ) (-192 -296 8 ) 
4 53 57 (-240 -296 8 ) (-240 -232 8 ) (-192 -232 8 ) (-192 -296 8 ) 
4 54 57 (-192 -104 8 ) (-192 -64 8 ) (-192 -64 0 ) (-192 -104 0 ) 
4 54 56 (-192 -104 0 ) (-192 -64 0 ) (0 -64 0 ) (0 -104 0 ) 
4 55 57 (-192 -296 0 ) (-192 -296 8 ) (-192 -232 8 ) (-192 -232 0 ) 
4 55 56 (0 -296 0 ) (-192 -296 0 ) (-192 -232 0 ) (0 -232 0 ) 
4 56 57 (-192 0 -48 ) (-192 -296 -48 ) (-192 -296 0 ) (-192 0 0 ) 
